<?xml version="1.0" encoding="UTF-8"?>
<testng-results ignored="0" total="3" passed="3" failed="0" skipped="0">
  <reporter-output>
  </reporter-output>
  <suite started-at="2021-10-18T16:45:59 IST" name="Suite" finished-at="2021-10-18T16:46:22 IST" duration-ms="23404">
    <groups>
    </groups>
    <test started-at="2021-10-18T16:45:59 IST" name="HeadingValidation" finished-at="2021-10-18T16:46:05 IST" duration-ms="6895">
      <class name="practice.practiceproject.HeadingValidation">
        <test-method is-config="true" signature="BeforeTest()[pri:0, instance:practice.practiceproject.HeadingValidation@79351f41]" started-at="2021-10-18T16:45:59 IST" name="BeforeTest" finished-at="2021-10-18T16:46:03 IST" duration-ms="4901" status="PASS">
          <reporter-output>
          </reporter-output>
        </test-method> <!-- BeforeTest -->
        <test-method signature="ValidateHeading()[pri:0, instance:practice.practiceproject.HeadingValidation@79351f41]" started-at="2021-10-18T16:46:04 IST" name="ValidateHeading" finished-at="2021-10-18T16:46:05 IST" duration-ms="1576" status="PASS">
          <reporter-output>
          </reporter-output>
        </test-method> <!-- ValidateHeading -->
        <test-method is-config="true" signature="AfterTest()[pri:0, instance:practice.practiceproject.HeadingValidation@79351f41]" started-at="2021-10-18T16:46:05 IST" name="AfterTest" finished-at="2021-10-18T16:46:05 IST" duration-ms="126" status="PASS">
          <reporter-output>
          </reporter-output>
        </test-method> <!-- AfterTest -->
      </class> <!-- practice.practiceproject.HeadingValidation -->
    </test> <!-- HeadingValidation -->
    <test started-at="2021-10-18T16:46:05 IST" name="SearchValidation" finished-at="2021-10-18T16:46:13 IST" duration-ms="7222">
      <class name="practice.practiceproject.SearchValidation">
        <test-method is-config="true" signature="BeforeTest()[pri:0, instance:practice.practiceproject.SearchValidation@59d2400d]" started-at="2021-10-18T16:46:05 IST" name="BeforeTest" finished-at="2021-10-18T16:46:09 IST" duration-ms="3919" status="PASS">
          <reporter-output>
          </reporter-output>
        </test-method> <!-- BeforeTest -->
        <test-method signature="ValidateSearch()[pri:0, instance:practice.practiceproject.SearchValidation@59d2400d]" started-at="2021-10-18T16:46:09 IST" name="ValidateSearch" finished-at="2021-10-18T16:46:12 IST" duration-ms="2854" status="PASS">
          <reporter-output>
          </reporter-output>
        </test-method> <!-- ValidateSearch -->
        <test-method is-config="true" signature="AfterTest()[pri:0, instance:practice.practiceproject.SearchValidation@59d2400d]" started-at="2021-10-18T16:46:13 IST" name="AfterTest" finished-at="2021-10-18T16:46:13 IST" duration-ms="182" status="PASS">
          <reporter-output>
          </reporter-output>
        </test-method> <!-- AfterTest -->
      </class> <!-- practice.practiceproject.SearchValidation -->
    </test> <!-- SearchValidation -->
    <test started-at="2021-10-18T16:46:13 IST" name="TitleValidation" finished-at="2021-10-18T16:46:22 IST" duration-ms="9257">
      <class name="practice.practiceproject.TitleValidation">
        <test-method is-config="true" signature="BeforeTest()[pri:0, instance:practice.practiceproject.TitleValidation@6ee660fb]" started-at="2021-10-18T16:46:13 IST" name="BeforeTest" finished-at="2021-10-18T16:46:17 IST" duration-ms="4555" status="PASS">
          <reporter-output>
          </reporter-output>
        </test-method> <!-- BeforeTest -->
        <test-method signature="ValidateTitle()[pri:0, instance:practice.practiceproject.TitleValidation@6ee660fb]" started-at="2021-10-18T16:46:17 IST" name="ValidateTitle" finished-at="2021-10-18T16:46:20 IST" duration-ms="2903" status="PASS">
          <reporter-output>
          </reporter-output>
        </test-method> <!-- ValidateTitle -->
        <test-method is-config="true" signature="AfterTest()[pri:0, instance:practice.practiceproject.TitleValidation@6ee660fb]" started-at="2021-10-18T16:46:22 IST" name="AfterTest" finished-at="2021-10-18T16:46:22 IST" duration-ms="300" status="PASS">
          <reporter-output>
          </reporter-output>
        </test-method> <!-- AfterTest -->
      </class> <!-- practice.practiceproject.TitleValidation -->
    </test> <!-- TitleValidation -->
  </suite> <!-- Suite -->
</testng-results>
